2020-07-27 14:19:43,115 | INFO  | Refreshing org.apache.activemq.xbean.XBeanBrokerFactory$1@6c3708b3: startup date [Mon Jul 27 14:19:43 CST 2020]; root of context hierarchy | org.apache.activemq.xbean.XBeanBrokerFactory$1 | main
2020-07-27 14:19:43,892 | INFO  | Using Persistence Adapter: KahaDBPersistenceAdapter[C:\Users\CPF\Downloads\apache-activemq-5.16.0\bin\..\data\kahadb] | org.apache.activemq.broker.BrokerService | main
2020-07-27 14:19:44,005 | INFO  | PListStore:[C:\Users\CPF\Downloads\apache-activemq-5.16.0\bin\..\data\localhost\tmp_storage] started | org.apache.activemq.store.kahadb.plist.PListStoreImpl | main
2020-07-27 14:19:44,192 | INFO  | Apache ActiveMQ 5.16.0 (localhost, ID:LAPTOP-NHAFT55M-52950-1595830784054-0:1) is starting | org.apache.activemq.broker.BrokerService | main
2020-07-27 14:19:44,213 | ERROR | Failed to start Apache ActiveMQ (localhost, ID:LAPTOP-NHAFT55M-52950-1595830784054-0:1) | org.apache.activemq.broker.BrokerService | main
java.io.IOException: Transport Connector could not be registered in JMX: java.io.IOException: Failed to bind to server socket: tcp://0.0.0.0:61616?maximumConnections=1000&wireFormat.maxFrameSize=104857600 due to: java.net.BindException: Address already in use: JVM_Bind
	at org.apache.activemq.util.IOExceptionSupport.create(IOExceptionSupport.java:28)
	at org.apache.activemq.broker.BrokerService.registerConnectorMBean(BrokerService.java:2280)
	at org.apache.activemq.broker.BrokerService.startTransportConnector(BrokerService.java:2761)
	at org.apache.activemq.broker.BrokerService.startAllConnectors(BrokerService.java:2657)
	at org.apache.activemq.broker.BrokerService.doStartBroker(BrokerService.java:779)
	at org.apache.activemq.broker.BrokerService.startBroker(BrokerService.java:741)
	at org.apache.activemq.broker.BrokerService.start(BrokerService.java:644)
	at org.apache.activemq.xbean.XBeanBrokerService.afterPropertiesSet(XBeanBrokerService.java:73)
	at sun.reflect.NativeMethodAccessorImpl.invoke0(Native Method)
	at sun.reflect.NativeMethodAccessorImpl.invoke(NativeMethodAccessorImpl.java:62)
	at sun.reflect.DelegatingMethodAccessorImpl.invoke(DelegatingMethodAccessorImpl.java:43)
	at java.lang.reflect.Method.invoke(Method.java:498)
	at org.springframework.beans.factory.support.AbstractAutowireCapableBeanFactory.invokeCustomInitMethod(AbstractAutowireCapableBeanFactory.java:1748)
	at org.springframework.beans.factory.support.AbstractAutowireCapableBeanFactory.invokeInitMethods(AbstractAutowireCapableBeanFactory.java:1685)
	at org.springframework.beans.factory.support.AbstractAutowireCapableBeanFactory.initializeBean(AbstractAutowireCapableBeanFactory.java:1615)
	at org.springframework.beans.factory.support.AbstractAutowireCapableBeanFactory.doCreateBean(AbstractAutowireCapableBeanFactory.java:553)
	at org.springframework.beans.factory.support.AbstractAutowireCapableBeanFactory.createBean(AbstractAutowireCapableBeanFactory.java:481)
	at org.springframework.beans.factory.support.AbstractBeanFactory$1.getObject(AbstractBeanFactory.java:312)
	at org.springframework.beans.factory.support.DefaultSingletonBeanRegistry.getSingleton(DefaultSingletonBeanRegistry.java:230)
	at org.springframework.beans.factory.support.AbstractBeanFactory.doGetBean(AbstractBeanFactory.java:308)
	at org.springframework.beans.factory.support.AbstractBeanFactory.getBean(AbstractBeanFactory.java:197)
	at org.springframework.beans.factory.support.DefaultListableBeanFactory.preInstantiateSingletons(DefaultListableBeanFactory.java:757)
	at org.springframework.context.support.AbstractApplicationContext.finishBeanFactoryInitialization(AbstractApplicationContext.java:867)
	at org.springframework.context.support.AbstractApplicationContext.refresh(AbstractApplicationContext.java:542)
	at org.apache.xbean.spring.context.ResourceXmlApplicationContext.<init>(ResourceXmlApplicationContext.java:64)
	at org.apache.xbean.spring.context.ResourceXmlApplicationContext.<init>(ResourceXmlApplicationContext.java:52)
	at org.apache.activemq.xbean.XBeanBrokerFactory$1.<init>(XBeanBrokerFactory.java:104)
	at org.apache.activemq.xbean.XBeanBrokerFactory.createApplicationContext(XBeanBrokerFactory.java:104)
	at org.apache.activemq.xbean.XBeanBrokerFactory.createBroker(XBeanBrokerFactory.java:67)
	at org.apache.activemq.broker.BrokerFactory.createBroker(BrokerFactory.java:71)
	at org.apache.activemq.broker.BrokerFactory.createBroker(BrokerFactory.java:54)
	at org.apache.activemq.console.command.StartCommand.runTask(StartCommand.java:87)
	at org.apache.activemq.console.command.AbstractCommand.execute(AbstractCommand.java:63)
	at org.apache.activemq.console.command.ShellCommand.runTask(ShellCommand.java:154)
	at org.apache.activemq.console.command.AbstractCommand.execute(AbstractCommand.java:63)
	at org.apache.activemq.console.command.ShellCommand.main(ShellCommand.java:104)
	at sun.reflect.NativeMethodAccessorImpl.invoke0(Native Method)
	at sun.reflect.NativeMethodAccessorImpl.invoke(NativeMethodAccessorImpl.java:62)
	at sun.reflect.DelegatingMethodAccessorImpl.invoke(DelegatingMethodAccessorImpl.java:43)
	at java.lang.reflect.Method.invoke(Method.java:498)
	at org.apache.activemq.console.Main.runTaskClass(Main.java:262)
	at org.apache.activemq.console.Main.main(Main.java:115)
Caused by: java.io.IOException: Failed to bind to server socket: tcp://0.0.0.0:61616?maximumConnections=1000&wireFormat.maxFrameSize=104857600 due to: java.net.BindException: Address already in use: JVM_Bind
	at org.apache.activemq.util.IOExceptionSupport.create(IOExceptionSupport.java:34)
	at org.apache.activemq.transport.tcp.TcpTransportServer.bind(TcpTransportServer.java:146)
	at org.apache.activemq.transport.tcp.TcpTransportFactory.doBind(TcpTransportFactory.java:62)
	at org.apache.activemq.transport.TransportFactorySupport.bind(TransportFactorySupport.java:40)
	at org.apache.activemq.broker.TransportConnector.createTransportServer(TransportConnector.java:333)
	at org.apache.activemq.broker.TransportConnector.getServer(TransportConnector.java:143)
	at org.apache.activemq.broker.TransportConnector.asManagedConnector(TransportConnector.java:109)
	at org.apache.activemq.broker.BrokerService.registerConnectorMBean(BrokerService.java:2275)
	... 40 more
Caused by: java.net.BindException: Address already in use: JVM_Bind
	at java.net.DualStackPlainSocketImpl.bind0(Native Method)
	at java.net.DualStackPlainSocketImpl.socketBind(DualStackPlainSocketImpl.java:106)
	at java.net.AbstractPlainSocketImpl.bind(AbstractPlainSocketImpl.java:387)
	at java.net.PlainSocketImpl.bind(PlainSocketImpl.java:190)
	at java.net.ServerSocket.bind(ServerSocket.java:375)
	at java.net.ServerSocket.<init>(ServerSocket.java:237)
	at javax.net.DefaultServerSocketFactory.createServerSocket(ServerSocketFactory.java:231)
	at org.apache.activemq.transport.tcp.TcpTransportServer.bind(TcpTransportServer.java:143)
	... 46 more
2020-07-27 14:19:44,222 | INFO  | Apache ActiveMQ 5.16.0 (localhost, ID:LAPTOP-NHAFT55M-52950-1595830784054-0:1) is shutting down | org.apache.activemq.broker.BrokerService | main
2020-07-27 14:19:44,228 | INFO  | Connector openwire stopped | org.apache.activemq.broker.TransportConnector | main
2020-07-27 14:19:44,230 | INFO  | Connector amqp stopped | org.apache.activemq.broker.TransportConnector | main
2020-07-27 14:19:44,231 | INFO  | Connector stomp stopped | org.apache.activemq.broker.TransportConnector | main
2020-07-27 14:19:44,233 | INFO  | Connector mqtt stopped | org.apache.activemq.broker.TransportConnector | main
2020-07-27 14:19:44,235 | INFO  | Connector ws stopped | org.apache.activemq.broker.TransportConnector | main
2020-07-27 14:19:44,240 | INFO  | PListStore:[C:\Users\CPF\Downloads\apache-activemq-5.16.0\bin\..\data\localhost\tmp_storage] stopped | org.apache.activemq.store.kahadb.plist.PListStoreImpl | main
2020-07-27 14:19:44,241 | INFO  | Stopping async queue tasks | org.apache.activemq.store.kahadb.KahaDBStore | main
2020-07-27 14:19:44,243 | INFO  | Stopping async topic tasks | org.apache.activemq.store.kahadb.KahaDBStore | main
2020-07-27 14:19:44,246 | INFO  | Stopped KahaDB | org.apache.activemq.store.kahadb.KahaDBStore | main
2020-07-27 14:19:44,269 | INFO  | Apache ActiveMQ 5.16.0 (localhost, ID:LAPTOP-NHAFT55M-52950-1595830784054-0:1) uptime 0.392 seconds | org.apache.activemq.broker.BrokerService | main
2020-07-27 14:19:44,271 | INFO  | Apache ActiveMQ 5.16.0 (localhost, ID:LAPTOP-NHAFT55M-52950-1595830784054-0:1) is shutdown | org.apache.activemq.broker.BrokerService | main
2020-07-27 14:19:44,274 | INFO  | Closing org.apache.activemq.xbean.XBeanBrokerFactory$1@6c3708b3: startup date [Mon Jul 27 14:19:43 CST 2020]; root of context hierarchy | org.apache.activemq.xbean.XBeanBrokerFactory$1 | main
2020-07-27 14:19:44,284 | WARN  | Exception encountered during context initialization - cancelling refresh attempt: org.springframework.beans.factory.BeanCreationException: Error creating bean with name 'org.apache.activemq.xbean.XBeanBrokerService#0' defined in class path resource [activemq.xml]: Invocation of init method failed; nested exception is java.io.IOException: Transport Connector could not be registered in JMX: java.io.IOException: Failed to bind to server socket: tcp://0.0.0.0:61616?maximumConnections=1000&wireFormat.maxFrameSize=104857600 due to: java.net.BindException: Address already in use: JVM_Bind | org.apache.activemq.xbean.XBeanBrokerFactory$1 | main
2020-07-27 14:21:25,570 | INFO  | Refreshing org.apache.activemq.xbean.XBeanBrokerFactory$1@6c3708b3: startup date [Mon Jul 27 14:21:25 CST 2020]; root of context hierarchy | org.apache.activemq.xbean.XBeanBrokerFactory$1 | main
2020-07-27 14:21:26,488 | INFO  | Using Persistence Adapter: KahaDBPersistenceAdapter[C:\Users\CPF\Downloads\apache-activemq-5.16.0\bin\..\data\kahadb] | org.apache.activemq.broker.BrokerService | main
2020-07-27 14:21:26,551 | INFO  | KahaDB is version 7 | org.apache.activemq.store.kahadb.MessageDatabase | main
2020-07-27 14:21:26,618 | INFO  | PListStore:[C:\Users\CPF\Downloads\apache-activemq-5.16.0\bin\..\data\localhost\tmp_storage] started | org.apache.activemq.store.kahadb.plist.PListStoreImpl | main
2020-07-27 14:21:26,782 | INFO  | Apache ActiveMQ 5.16.0 (localhost, ID:LAPTOP-NHAFT55M-53070-1595830886632-0:1) is starting | org.apache.activemq.broker.BrokerService | main
2020-07-27 14:21:26,803 | INFO  | Listening for connections at: tcp://LAPTOP-NHAFT55M:61616?maximumConnections=1000&wireFormat.maxFrameSize=104857600 | org.apache.activemq.transport.TransportServerThreadSupport | main
2020-07-27 14:21:26,805 | INFO  | Connector openwire started | org.apache.activemq.broker.TransportConnector | main
2020-07-27 14:21:26,812 | INFO  | Listening for connections at: amqp://LAPTOP-NHAFT55M:5672?maximumConnections=1000&wireFormat.maxFrameSize=104857600 | org.apache.activemq.transport.TransportServerThreadSupport | main
2020-07-27 14:21:26,816 | INFO  | Connector amqp started | org.apache.activemq.broker.TransportConnector | main
2020-07-27 14:21:26,822 | INFO  | Listening for connections at: stomp://LAPTOP-NHAFT55M:61613?maximumConnections=1000&wireFormat.maxFrameSize=104857600 | org.apache.activemq.transport.TransportServerThreadSupport | main
2020-07-27 14:21:26,825 | INFO  | Connector stomp started | org.apache.activemq.broker.TransportConnector | main
2020-07-27 14:21:26,830 | INFO  | Listening for connections at: mqtt://LAPTOP-NHAFT55M:1883?maximumConnections=1000&wireFormat.maxFrameSize=104857600 | org.apache.activemq.transport.TransportServerThreadSupport | main
2020-07-27 14:21:26,832 | INFO  | Connector mqtt started | org.apache.activemq.broker.TransportConnector | main
2020-07-27 14:21:26,839 | INFO  | Starting Jetty server | org.apache.activemq.transport.WebTransportServerSupport | main
2020-07-27 14:21:26,913 | INFO  | Creating Jetty connector | org.apache.activemq.transport.WebTransportServerSupport | main
2020-07-27 14:21:27,037 | WARN  | ServletContext@o.e.j.s.ServletContextHandler@2ea6e30c{/,null,STARTING} has uncovered http methods for path: / | org.eclipse.jetty.security.SecurityHandler | main
2020-07-27 14:21:27,103 | INFO  | Listening for connections at ws://LAPTOP-NHAFT55M:61614?maximumConnections=1000&wireFormat.maxFrameSize=104857600 | org.apache.activemq.transport.ws.WSTransportServer | main
2020-07-27 14:21:27,105 | INFO  | Connector ws started | org.apache.activemq.broker.TransportConnector | main
2020-07-27 14:21:27,107 | INFO  | Apache ActiveMQ 5.16.0 (localhost, ID:LAPTOP-NHAFT55M-53070-1595830886632-0:1) started | org.apache.activemq.broker.BrokerService | main
2020-07-27 14:21:27,108 | INFO  | For help or more information please see: http://activemq.apache.org | org.apache.activemq.broker.BrokerService | main
2020-07-27 14:21:28,091 | INFO  | ActiveMQ WebConsole available at http://127.0.0.1:8161/ | org.apache.activemq.web.WebConsoleStarter | main
2020-07-27 14:21:28,092 | INFO  | ActiveMQ Jolokia REST API available at http://127.0.0.1:8161/api/jolokia/ | org.apache.activemq.web.WebConsoleStarter | main
2020-07-27 14:36:21,386 | INFO  | Apache ActiveMQ 5.16.0 (localhost, ID:LAPTOP-NHAFT55M-53070-1595830886632-0:1) is shutting down | org.apache.activemq.broker.BrokerService | Thread-21
2020-07-27 14:36:21,404 | INFO  | Connector openwire stopped | org.apache.activemq.broker.TransportConnector | Thread-21
2020-07-27 14:36:21,409 | INFO  | Connector amqp stopped | org.apache.activemq.broker.TransportConnector | Thread-21
2020-07-27 14:36:21,413 | INFO  | Connector stomp stopped | org.apache.activemq.broker.TransportConnector | Thread-21
2020-07-27 14:36:21,415 | INFO  | Connector mqtt stopped | org.apache.activemq.broker.TransportConnector | Thread-21
2020-07-27 14:36:21,427 | INFO  | Connector ws stopped | org.apache.activemq.broker.TransportConnector | Thread-21
2020-07-27 14:36:21,433 | INFO  | PListStore:[C:\Users\CPF\Downloads\apache-activemq-5.16.0\bin\..\data\localhost\tmp_storage] stopped | org.apache.activemq.store.kahadb.plist.PListStoreImpl | Thread-21
2020-07-27 14:36:21,434 | INFO  | Stopping async queue tasks | org.apache.activemq.store.kahadb.KahaDBStore | Thread-21
2020-07-27 14:36:21,436 | INFO  | Stopping async topic tasks | org.apache.activemq.store.kahadb.KahaDBStore | Thread-21
2020-07-27 14:36:21,438 | INFO  | Stopped KahaDB | org.apache.activemq.store.kahadb.KahaDBStore | Thread-21
2020-07-27 14:36:21,455 | INFO  | Apache ActiveMQ 5.16.0 (localhost, ID:LAPTOP-NHAFT55M-53070-1595830886632-0:1) uptime 14 minutes | org.apache.activemq.broker.BrokerService | Thread-21
2020-07-27 14:36:21,457 | INFO  | Apache ActiveMQ 5.16.0 (localhost, ID:LAPTOP-NHAFT55M-53070-1595830886632-0:1) is shutdown | org.apache.activemq.broker.BrokerService | Thread-21
2020-07-27 14:36:21,459 | INFO  | Closing org.apache.activemq.xbean.XBeanBrokerFactory$1@6c3708b3: startup date [Mon Jul 27 14:21:25 CST 2020]; root of context hierarchy | org.apache.activemq.xbean.XBeanBrokerFactory$1 | Thread-21
2020-07-27 14:43:56,178 | INFO  | Refreshing org.apache.activemq.xbean.XBeanBrokerFactory$1@6c3708b3: startup date [Mon Jul 27 14:43:56 CST 2020]; root of context hierarchy | org.apache.activemq.xbean.XBeanBrokerFactory$1 | main
2020-07-27 14:43:56,968 | INFO  | Using Persistence Adapter: KahaDBPersistenceAdapter[C:\Users\CPF\Downloads\apache-activemq-5.16.0\bin\..\data\kahadb] | org.apache.activemq.broker.BrokerService | main
2020-07-27 14:43:57,034 | INFO  | KahaDB is version 7 | org.apache.activemq.store.kahadb.MessageDatabase | main
2020-07-27 14:43:57,118 | INFO  | PListStore:[C:\Users\CPF\Downloads\apache-activemq-5.16.0\bin\..\data\localhost\tmp_storage] started | org.apache.activemq.store.kahadb.plist.PListStoreImpl | main
2020-07-27 14:43:57,286 | INFO  | Apache ActiveMQ 5.16.0 (localhost, ID:LAPTOP-NHAFT55M-54158-1595832237133-0:1) is starting | org.apache.activemq.broker.BrokerService | main
2020-07-27 14:43:57,363 | INFO  | Listening for connections at: tcp://LAPTOP-NHAFT55M:61616?maximumConnections=1000&wireFormat.maxFrameSize=104857600 | org.apache.activemq.transport.TransportServerThreadSupport | main
2020-07-27 14:43:57,365 | INFO  | Connector openwire started | org.apache.activemq.broker.TransportConnector | main
2020-07-27 14:43:57,370 | INFO  | Listening for connections at: amqp://LAPTOP-NHAFT55M:5672?maximumConnections=1000&wireFormat.maxFrameSize=104857600 | org.apache.activemq.transport.TransportServerThreadSupport | main
2020-07-27 14:43:57,372 | INFO  | Connector amqp started | org.apache.activemq.broker.TransportConnector | main
2020-07-27 14:43:57,379 | INFO  | Listening for connections at: stomp://LAPTOP-NHAFT55M:61613?maximumConnections=1000&wireFormat.maxFrameSize=104857600 | org.apache.activemq.transport.TransportServerThreadSupport | main
2020-07-27 14:43:57,382 | INFO  | Connector stomp started | org.apache.activemq.broker.TransportConnector | main
2020-07-27 14:43:57,395 | INFO  | Listening for connections at: mqtt://LAPTOP-NHAFT55M:1883?maximumConnections=1000&wireFormat.maxFrameSize=104857600 | org.apache.activemq.transport.TransportServerThreadSupport | main
2020-07-27 14:43:57,398 | INFO  | Connector mqtt started | org.apache.activemq.broker.TransportConnector | main
2020-07-27 14:43:57,407 | INFO  | Starting Jetty server | org.apache.activemq.transport.WebTransportServerSupport | main
2020-07-27 14:43:57,483 | INFO  | Creating Jetty connector | org.apache.activemq.transport.WebTransportServerSupport | main
2020-07-27 14:43:57,594 | WARN  | ServletContext@o.e.j.s.ServletContextHandler@57abad67{/,null,STARTING} has uncovered http methods for path: / | org.eclipse.jetty.security.SecurityHandler | main
2020-07-27 14:43:57,653 | INFO  | Listening for connections at ws://LAPTOP-NHAFT55M:61614?maximumConnections=1000&wireFormat.maxFrameSize=104857600 | org.apache.activemq.transport.ws.WSTransportServer | main
2020-07-27 14:43:57,654 | INFO  | Connector ws started | org.apache.activemq.broker.TransportConnector | main
2020-07-27 14:43:57,657 | INFO  | Apache ActiveMQ 5.16.0 (localhost, ID:LAPTOP-NHAFT55M-54158-1595832237133-0:1) started | org.apache.activemq.broker.BrokerService | main
2020-07-27 14:43:57,664 | INFO  | For help or more information please see: http://activemq.apache.org | org.apache.activemq.broker.BrokerService | main
2020-07-27 14:43:58,599 | INFO  | ActiveMQ WebConsole available at http://127.0.0.1:8161/ | org.apache.activemq.web.WebConsoleStarter | main
2020-07-27 14:43:58,599 | INFO  | ActiveMQ Jolokia REST API available at http://127.0.0.1:8161/api/jolokia/ | org.apache.activemq.web.WebConsoleStarter | main
2020-07-27 15:30:31,346 | INFO  | Connector vm://localhost started | org.apache.activemq.broker.TransportConnector | qtp2116179210-40
2020-07-27 16:06:38,777 | INFO  | Apache ActiveMQ 5.16.0 (localhost, ID:LAPTOP-NHAFT55M-54158-1595832237133-0:1) is shutting down | org.apache.activemq.broker.BrokerService | ActiveMQ ShutdownHook
2020-07-27 16:06:38,795 | INFO  | Connector openwire stopped | org.apache.activemq.broker.TransportConnector | ActiveMQ ShutdownHook
2020-07-27 16:06:38,797 | INFO  | Connector amqp stopped | org.apache.activemq.broker.TransportConnector | ActiveMQ ShutdownHook
2020-07-27 16:06:38,797 | INFO  | socketQueue interrupted - stopping | org.apache.activemq.transport.tcp.TcpTransportServer | ActiveMQ Transport Server Thread Handler: amqp://0.0.0.0:5672?maximumConnections=1000&wireFormat.maxFrameSize=104857600
2020-07-27 16:06:38,800 | INFO  | Connector stomp stopped | org.apache.activemq.broker.TransportConnector | ActiveMQ ShutdownHook
2020-07-27 16:06:38,802 | INFO  | Could not accept connection during shutdown  : null (null) | org.apache.activemq.broker.TransportConnector | ActiveMQ Transport Server Thread Handler: amqp://0.0.0.0:5672?maximumConnections=1000&wireFormat.maxFrameSize=104857600
2020-07-27 16:06:38,812 | INFO  | Connector mqtt stopped | org.apache.activemq.broker.TransportConnector | ActiveMQ ShutdownHook
2020-07-27 16:06:38,824 | INFO  | Connector ws stopped | org.apache.activemq.broker.TransportConnector | ActiveMQ ShutdownHook
2020-07-27 16:06:38,828 | INFO  | Connector vm://localhost stopped | org.apache.activemq.broker.TransportConnector | ActiveMQ ShutdownHook
2020-07-27 16:06:38,832 | INFO  | PListStore:[C:\Users\CPF\Downloads\apache-activemq-5.16.0\bin\..\data\localhost\tmp_storage] stopped | org.apache.activemq.store.kahadb.plist.PListStoreImpl | ActiveMQ ShutdownHook
2020-07-27 16:06:38,834 | INFO  | Stopping async queue tasks | org.apache.activemq.store.kahadb.KahaDBStore | ActiveMQ ShutdownHook
2020-07-27 16:06:38,836 | INFO  | Stopping async topic tasks | org.apache.activemq.store.kahadb.KahaDBStore | ActiveMQ ShutdownHook
2020-07-27 16:06:38,845 | INFO  | Stopped KahaDB | org.apache.activemq.store.kahadb.KahaDBStore | ActiveMQ ShutdownHook
2020-07-27 16:06:38,864 | INFO  | Apache ActiveMQ 5.16.0 (localhost, ID:LAPTOP-NHAFT55M-54158-1595832237133-0:1) uptime 1 hour 22 minutes | org.apache.activemq.broker.BrokerService | ActiveMQ ShutdownHook
2020-07-27 16:06:38,866 | INFO  | Apache ActiveMQ 5.16.0 (localhost, ID:LAPTOP-NHAFT55M-54158-1595832237133-0:1) is shutdown | org.apache.activemq.broker.BrokerService | ActiveMQ ShutdownHook
2020-07-27 16:06:38,868 | INFO  | Closing org.apache.activemq.xbean.XBeanBrokerFactory$1@6c3708b3: startup date [Mon Jul 27 14:43:56 CST 2020]; root of context hierarchy | org.apache.activemq.xbean.XBeanBrokerFactory$1 | ActiveMQ ShutdownHook
2020-07-27 16:06:43,828 | INFO  | Refreshing org.apache.activemq.xbean.XBeanBrokerFactory$1@6c3708b3: startup date [Mon Jul 27 16:06:43 CST 2020]; root of context hierarchy | org.apache.activemq.xbean.XBeanBrokerFactory$1 | main
2020-07-27 16:06:44,648 | INFO  | Using Persistence Adapter: KahaDBPersistenceAdapter[C:\Users\CPF\Downloads\apache-activemq-5.16.0\bin\..\data\kahadb] | org.apache.activemq.broker.BrokerService | main
2020-07-27 16:06:44,713 | INFO  | KahaDB is version 7 | org.apache.activemq.store.kahadb.MessageDatabase | main
2020-07-27 16:06:44,779 | INFO  | Recovering from the journal @1:7630 | org.apache.activemq.store.kahadb.MessageDatabase | main
2020-07-27 16:06:44,787 | INFO  | Recovery replayed 3 operations from the journal in 0.022 seconds. | org.apache.activemq.store.kahadb.MessageDatabase | main
2020-07-27 16:06:44,800 | INFO  | PListStore:[C:\Users\CPF\Downloads\apache-activemq-5.16.0\bin\..\data\localhost\tmp_storage] started | org.apache.activemq.store.kahadb.plist.PListStoreImpl | main
2020-07-27 16:06:44,956 | INFO  | Apache ActiveMQ 5.16.0 (localhost, ID:LAPTOP-NHAFT55M-57924-1595837204816-0:1) is starting | org.apache.activemq.broker.BrokerService | main
2020-07-27 16:06:45,011 | INFO  | Listening for connections at: tcp://LAPTOP-NHAFT55M:61616?maximumConnections=1000&wireFormat.maxFrameSize=104857600 | org.apache.activemq.transport.TransportServerThreadSupport | main
2020-07-27 16:06:45,013 | INFO  | Connector openwire started | org.apache.activemq.broker.TransportConnector | main
2020-07-27 16:06:45,024 | INFO  | Listening for connections at: amqp://LAPTOP-NHAFT55M:5672?maximumConnections=1000&wireFormat.maxFrameSize=104857600 | org.apache.activemq.transport.TransportServerThreadSupport | main
2020-07-27 16:06:45,026 | INFO  | Connector amqp started | org.apache.activemq.broker.TransportConnector | main
2020-07-27 16:06:45,031 | INFO  | Listening for connections at: stomp://LAPTOP-NHAFT55M:61613?maximumConnections=1000&wireFormat.maxFrameSize=104857600 | org.apache.activemq.transport.TransportServerThreadSupport | main
2020-07-27 16:06:45,036 | INFO  | Connector stomp started | org.apache.activemq.broker.TransportConnector | main
2020-07-27 16:06:45,043 | INFO  | Listening for connections at: mqtt://LAPTOP-NHAFT55M:1883?maximumConnections=1000&wireFormat.maxFrameSize=104857600 | org.apache.activemq.transport.TransportServerThreadSupport | main
2020-07-27 16:06:45,046 | INFO  | Connector mqtt started | org.apache.activemq.broker.TransportConnector | main
2020-07-27 16:06:45,054 | INFO  | Starting Jetty server | org.apache.activemq.transport.WebTransportServerSupport | main
2020-07-27 16:06:45,143 | INFO  | Creating Jetty connector | org.apache.activemq.transport.WebTransportServerSupport | main
2020-07-27 16:06:45,264 | WARN  | ServletContext@o.e.j.s.ServletContextHandler@49c6c24f{/,null,STARTING} has uncovered http methods for path: / | org.eclipse.jetty.security.SecurityHandler | main
2020-07-27 16:06:45,327 | INFO  | Listening for connections at ws://LAPTOP-NHAFT55M:61614?maximumConnections=1000&wireFormat.maxFrameSize=104857600 | org.apache.activemq.transport.ws.WSTransportServer | main
2020-07-27 16:06:45,329 | INFO  | Connector ws started | org.apache.activemq.broker.TransportConnector | main
2020-07-27 16:06:45,333 | INFO  | Apache ActiveMQ 5.16.0 (localhost, ID:LAPTOP-NHAFT55M-57924-1595837204816-0:1) started | org.apache.activemq.broker.BrokerService | main
2020-07-27 16:06:45,340 | INFO  | For help or more information please see: http://activemq.apache.org | org.apache.activemq.broker.BrokerService | main
2020-07-27 16:06:46,277 | INFO  | ActiveMQ WebConsole available at http://127.0.0.1:8161/ | org.apache.activemq.web.WebConsoleStarter | main
2020-07-27 16:06:46,279 | INFO  | ActiveMQ Jolokia REST API available at http://127.0.0.1:8161/api/jolokia/ | org.apache.activemq.web.WebConsoleStarter | main
2020-07-27 16:07:08,387 | INFO  | Connector vm://localhost started | org.apache.activemq.broker.TransportConnector | qtp172794870-52
2020-07-27 16:16:01,517 | INFO  | Apache ActiveMQ 5.16.0 (localhost, ID:LAPTOP-NHAFT55M-57924-1595837204816-0:1) is shutting down | org.apache.activemq.broker.BrokerService | Thread-24
2020-07-27 16:16:01,525 | INFO  | Connector openwire stopped | org.apache.activemq.broker.TransportConnector | Thread-24
2020-07-27 16:16:01,528 | INFO  | Connector amqp stopped | org.apache.activemq.broker.TransportConnector | Thread-24
2020-07-27 16:16:01,530 | INFO  | Connector stomp stopped | org.apache.activemq.broker.TransportConnector | Thread-24
2020-07-27 16:16:01,533 | INFO  | Connector mqtt stopped | org.apache.activemq.broker.TransportConnector | Thread-24
2020-07-27 16:16:01,544 | INFO  | Connector ws stopped | org.apache.activemq.broker.TransportConnector | Thread-24
2020-07-27 16:16:01,553 | INFO  | Connector vm://localhost stopped | org.apache.activemq.broker.TransportConnector | Thread-24
2020-07-27 16:16:01,557 | INFO  | PListStore:[C:\Users\CPF\Downloads\apache-activemq-5.16.0\bin\..\data\localhost\tmp_storage] stopped | org.apache.activemq.store.kahadb.plist.PListStoreImpl | Thread-24
2020-07-27 16:16:01,560 | INFO  | Stopping async queue tasks | org.apache.activemq.store.kahadb.KahaDBStore | Thread-24
2020-07-27 16:16:01,566 | INFO  | Stopping async topic tasks | org.apache.activemq.store.kahadb.KahaDBStore | Thread-24
2020-07-27 16:16:01,567 | INFO  | Stopped KahaDB | org.apache.activemq.store.kahadb.KahaDBStore | Thread-24
2020-07-27 16:16:01,588 | INFO  | Apache ActiveMQ 5.16.0 (localhost, ID:LAPTOP-NHAFT55M-57924-1595837204816-0:1) uptime 9 minutes | org.apache.activemq.broker.BrokerService | Thread-24
2020-07-27 16:16:01,590 | INFO  | Apache ActiveMQ 5.16.0 (localhost, ID:LAPTOP-NHAFT55M-57924-1595837204816-0:1) is shutdown | org.apache.activemq.broker.BrokerService | Thread-24
2020-07-27 16:16:01,592 | INFO  | Closing org.apache.activemq.xbean.XBeanBrokerFactory$1@6c3708b3: startup date [Mon Jul 27 16:06:43 CST 2020]; root of context hierarchy | org.apache.activemq.xbean.XBeanBrokerFactory$1 | Thread-24
2020-07-27 16:16:07,779 | INFO  | Refreshing org.apache.activemq.xbean.XBeanBrokerFactory$1@6c3708b3: startup date [Mon Jul 27 16:16:07 CST 2020]; root of context hierarchy | org.apache.activemq.xbean.XBeanBrokerFactory$1 | main
2020-07-27 16:16:08,611 | INFO  | Using Persistence Adapter: KahaDBPersistenceAdapter[C:\Users\CPF\Downloads\apache-activemq-5.16.0\bin\..\data\kahadb] | org.apache.activemq.broker.BrokerService | main
2020-07-27 16:16:08,679 | INFO  | KahaDB is version 7 | org.apache.activemq.store.kahadb.MessageDatabase | main
2020-07-27 16:16:08,747 | INFO  | Recovering from the journal @1:9137 | org.apache.activemq.store.kahadb.MessageDatabase | main
2020-07-27 16:16:08,755 | INFO  | Recovery replayed 1 operations from the journal in 0.023 seconds. | org.apache.activemq.store.kahadb.MessageDatabase | main
2020-07-27 16:16:08,773 | INFO  | PListStore:[C:\Users\CPF\Downloads\apache-activemq-5.16.0\bin\..\data\localhost\tmp_storage] started | org.apache.activemq.store.kahadb.plist.PListStoreImpl | main
2020-07-27 16:16:08,936 | INFO  | Apache ActiveMQ 5.16.0 (localhost, ID:LAPTOP-NHAFT55M-58612-1595837768789-0:1) is starting | org.apache.activemq.broker.BrokerService | main
2020-07-27 16:16:09,018 | INFO  | Listening for connections at: tcp://LAPTOP-NHAFT55M:61616?maximumConnections=1000&wireFormat.maxFrameSize=104857600 | org.apache.activemq.transport.TransportServerThreadSupport | main
2020-07-27 16:16:09,028 | INFO  | Connector openwire started | org.apache.activemq.broker.TransportConnector | main
2020-07-27 16:16:09,037 | INFO  | Listening for connections at: amqp://LAPTOP-NHAFT55M:5672?maximumConnections=1000&wireFormat.maxFrameSize=104857600 | org.apache.activemq.transport.TransportServerThreadSupport | main
2020-07-27 16:16:09,040 | INFO  | Connector amqp started | org.apache.activemq.broker.TransportConnector | main
2020-07-27 16:16:09,051 | INFO  | Listening for connections at: stomp://LAPTOP-NHAFT55M:61613?maximumConnections=1000&wireFormat.maxFrameSize=104857600 | org.apache.activemq.transport.TransportServerThreadSupport | main
2020-07-27 16:16:09,053 | INFO  | Connector stomp started | org.apache.activemq.broker.TransportConnector | main
2020-07-27 16:16:09,066 | INFO  | Listening for connections at: mqtt://LAPTOP-NHAFT55M:1883?maximumConnections=1000&wireFormat.maxFrameSize=104857600 | org.apache.activemq.transport.TransportServerThreadSupport | main
2020-07-27 16:16:09,069 | INFO  | Connector mqtt started | org.apache.activemq.broker.TransportConnector | main
2020-07-27 16:16:09,078 | INFO  | Starting Jetty server | org.apache.activemq.transport.WebTransportServerSupport | main
2020-07-27 16:16:09,176 | INFO  | Creating Jetty connector | org.apache.activemq.transport.WebTransportServerSupport | main
2020-07-27 16:16:09,303 | WARN  | ServletContext@o.e.j.s.ServletContextHandler@49c6c24f{/,null,STARTING} has uncovered http methods for path: / | org.eclipse.jetty.security.SecurityHandler | main
2020-07-27 16:16:09,374 | INFO  | Listening for connections at ws://LAPTOP-NHAFT55M:61614?maximumConnections=1000&wireFormat.maxFrameSize=104857600 | org.apache.activemq.transport.ws.WSTransportServer | main
2020-07-27 16:16:09,376 | INFO  | Connector ws started | org.apache.activemq.broker.TransportConnector | main
2020-07-27 16:16:09,380 | INFO  | Apache ActiveMQ 5.16.0 (localhost, ID:LAPTOP-NHAFT55M-58612-1595837768789-0:1) started | org.apache.activemq.broker.BrokerService | main
2020-07-27 16:16:09,387 | INFO  | For help or more information please see: http://activemq.apache.org | org.apache.activemq.broker.BrokerService | main
2020-07-27 16:16:10,380 | INFO  | ActiveMQ WebConsole available at http://127.0.0.1:8161/ | org.apache.activemq.web.WebConsoleStarter | main
2020-07-27 16:16:10,382 | INFO  | ActiveMQ Jolokia REST API available at http://127.0.0.1:8161/api/jolokia/ | org.apache.activemq.web.WebConsoleStarter | main
2020-07-27 16:16:35,844 | INFO  | Connector vm://localhost started | org.apache.activemq.broker.TransportConnector | qtp2001115307-42
2020-07-27 17:00:10,269 | INFO  | Connector vm://localhost stopped | org.apache.activemq.broker.TransportConnector | Session-HouseKeeper-3deb2326-1
2020-07-27 17:19:26,962 | INFO  | Connector vm://localhost started | org.apache.activemq.broker.TransportConnector | qtp2001115307-52
2020-07-27 17:55:10,288 | INFO  | Connector vm://localhost stopped | org.apache.activemq.broker.TransportConnector | Session-HouseKeeper-3deb2326-1
2020-07-29 21:35:17,253 | INFO  | Refreshing org.apache.activemq.xbean.XBeanBrokerFactory$1@6c3708b3: startup date [Wed Jul 29 21:35:17 CST 2020]; root of context hierarchy | org.apache.activemq.xbean.XBeanBrokerFactory$1 | main
2020-07-29 21:35:18,105 | INFO  | Using Persistence Adapter: KahaDBPersistenceAdapter[C:\Users\CPF\Downloads\apache-activemq-5.16.0\bin\..\data\kahadb] | org.apache.activemq.broker.BrokerService | main
2020-07-29 21:35:18,163 | INFO  | Page File: C:\Users\CPF\Downloads\apache-activemq-5.16.0\bin\..\data\kahadb\db.data. Recovering pageFile free list due to prior unclean shutdown.. | org.apache.activemq.store.kahadb.disk.page.PageFile | KahaDB Index Free Page Recovery
2020-07-29 21:35:18,167 | INFO  | Page File: C:\Users\CPF\Downloads\apache-activemq-5.16.0\bin\..\data\kahadb\db.data. Recovered pageFile free list of size: 0 | org.apache.activemq.store.kahadb.disk.page.PageFile | KahaDB Index Free Page Recovery
2020-07-29 21:35:18,169 | INFO  | KahaDB is version 7 | org.apache.activemq.store.kahadb.MessageDatabase | main
2020-07-29 21:35:18,246 | INFO  | PListStore:[C:\Users\CPF\Downloads\apache-activemq-5.16.0\bin\..\data\localhost\tmp_storage] started | org.apache.activemq.store.kahadb.plist.PListStoreImpl | main
2020-07-29 21:35:18,429 | INFO  | Apache ActiveMQ 5.16.0 (localhost, ID:LAPTOP-NHAFT55M-52592-1596029718259-0:1) is starting | org.apache.activemq.broker.BrokerService | main
2020-07-29 21:35:18,509 | INFO  | Listening for connections at: tcp://LAPTOP-NHAFT55M:61616?maximumConnections=1000&wireFormat.maxFrameSize=104857600 | org.apache.activemq.transport.TransportServerThreadSupport | main
2020-07-29 21:35:18,511 | INFO  | Connector openwire started | org.apache.activemq.broker.TransportConnector | main
2020-07-29 21:35:18,516 | INFO  | Listening for connections at: amqp://LAPTOP-NHAFT55M:5672?maximumConnections=1000&wireFormat.maxFrameSize=104857600 | org.apache.activemq.transport.TransportServerThreadSupport | main
2020-07-29 21:35:18,518 | INFO  | Connector amqp started | org.apache.activemq.broker.TransportConnector | main
2020-07-29 21:35:18,523 | INFO  | Listening for connections at: stomp://LAPTOP-NHAFT55M:61613?maximumConnections=1000&wireFormat.maxFrameSize=104857600 | org.apache.activemq.transport.TransportServerThreadSupport | main
2020-07-29 21:35:18,524 | INFO  | Connector stomp started | org.apache.activemq.broker.TransportConnector | main
2020-07-29 21:35:18,530 | INFO  | Listening for connections at: mqtt://LAPTOP-NHAFT55M:1883?maximumConnections=1000&wireFormat.maxFrameSize=104857600 | org.apache.activemq.transport.TransportServerThreadSupport | main
2020-07-29 21:35:18,531 | INFO  | Connector mqtt started | org.apache.activemq.broker.TransportConnector | main
2020-07-29 21:35:18,539 | INFO  | Starting Jetty server | org.apache.activemq.transport.WebTransportServerSupport | main
2020-07-29 21:35:18,619 | INFO  | Creating Jetty connector | org.apache.activemq.transport.WebTransportServerSupport | main
2020-07-29 21:35:18,729 | WARN  | ServletContext@o.e.j.s.ServletContextHandler@1d3ac898{/,null,STARTING} has uncovered http methods for path: / | org.eclipse.jetty.security.SecurityHandler | main
2020-07-29 21:35:18,790 | INFO  | Listening for connections at ws://LAPTOP-NHAFT55M:61614?maximumConnections=1000&wireFormat.maxFrameSize=104857600 | org.apache.activemq.transport.ws.WSTransportServer | main
2020-07-29 21:35:18,791 | INFO  | Connector ws started | org.apache.activemq.broker.TransportConnector | main
2020-07-29 21:35:18,792 | INFO  | Apache ActiveMQ 5.16.0 (localhost, ID:LAPTOP-NHAFT55M-52592-1596029718259-0:1) started | org.apache.activemq.broker.BrokerService | main
2020-07-29 21:35:18,794 | INFO  | For help or more information please see: http://activemq.apache.org | org.apache.activemq.broker.BrokerService | main
2020-07-29 21:35:19,700 | INFO  | ActiveMQ WebConsole available at http://127.0.0.1:8161/ | org.apache.activemq.web.WebConsoleStarter | main
2020-07-29 21:35:19,701 | INFO  | ActiveMQ Jolokia REST API available at http://127.0.0.1:8161/api/jolokia/ | org.apache.activemq.web.WebConsoleStarter | main
2020-07-29 21:36:45,797 | INFO  | Connector vm://localhost started | org.apache.activemq.broker.TransportConnector | qtp839771540-39
2020-07-29 22:41:19,604 | INFO  | Connector vm://localhost stopped | org.apache.activemq.broker.TransportConnector | Session-HouseKeeper-4b4dd216-1
2020-07-30 19:01:13,173 | INFO  | Refreshing org.apache.activemq.xbean.XBeanBrokerFactory$1@6c3708b3: startup date [Thu Jul 30 19:01:13 CST 2020]; root of context hierarchy | org.apache.activemq.xbean.XBeanBrokerFactory$1 | main
2020-07-30 19:01:14,070 | INFO  | Using Persistence Adapter: KahaDBPersistenceAdapter[C:\Users\CPF\Downloads\apache-activemq-5.16.0\bin\..\data\kahadb] | org.apache.activemq.broker.BrokerService | main
2020-07-30 19:01:14,134 | INFO  | Page File: C:\Users\CPF\Downloads\apache-activemq-5.16.0\bin\..\data\kahadb\db.data. Recovering pageFile free list due to prior unclean shutdown.. | org.apache.activemq.store.kahadb.disk.page.PageFile | KahaDB Index Free Page Recovery
2020-07-30 19:01:14,138 | INFO  | Page File: C:\Users\CPF\Downloads\apache-activemq-5.16.0\bin\..\data\kahadb\db.data. Recovered pageFile free list of size: 12 | org.apache.activemq.store.kahadb.disk.page.PageFile | KahaDB Index Free Page Recovery
2020-07-30 19:01:14,139 | INFO  | KahaDB is version 7 | org.apache.activemq.store.kahadb.MessageDatabase | main
2020-07-30 19:01:14,215 | INFO  | PListStore:[C:\Users\CPF\Downloads\apache-activemq-5.16.0\bin\..\data\localhost\tmp_storage] started | org.apache.activemq.store.kahadb.plist.PListStoreImpl | main
2020-07-30 19:01:14,388 | INFO  | Apache ActiveMQ 5.16.0 (localhost, ID:LAPTOP-NHAFT55M-59317-1596106874228-0:1) is starting | org.apache.activemq.broker.BrokerService | main
2020-07-30 19:01:14,478 | INFO  | Listening for connections at: tcp://LAPTOP-NHAFT55M:61616?maximumConnections=1000&wireFormat.maxFrameSize=104857600 | org.apache.activemq.transport.TransportServerThreadSupport | main
2020-07-30 19:01:14,480 | INFO  | Connector openwire started | org.apache.activemq.broker.TransportConnector | main
2020-07-30 19:01:14,486 | INFO  | Listening for connections at: amqp://LAPTOP-NHAFT55M:5672?maximumConnections=1000&wireFormat.maxFrameSize=104857600 | org.apache.activemq.transport.TransportServerThreadSupport | main
2020-07-30 19:01:14,488 | INFO  | Connector amqp started | org.apache.activemq.broker.TransportConnector | main
2020-07-30 19:01:14,493 | INFO  | Listening for connections at: stomp://LAPTOP-NHAFT55M:61613?maximumConnections=1000&wireFormat.maxFrameSize=104857600 | org.apache.activemq.transport.TransportServerThreadSupport | main
2020-07-30 19:01:14,495 | INFO  | Connector stomp started | org.apache.activemq.broker.TransportConnector | main
2020-07-30 19:01:14,499 | INFO  | Listening for connections at: mqtt://LAPTOP-NHAFT55M:1883?maximumConnections=1000&wireFormat.maxFrameSize=104857600 | org.apache.activemq.transport.TransportServerThreadSupport | main
2020-07-30 19:01:14,501 | INFO  | Connector mqtt started | org.apache.activemq.broker.TransportConnector | main
2020-07-30 19:01:14,512 | INFO  | Starting Jetty server | org.apache.activemq.transport.WebTransportServerSupport | main
2020-07-30 19:01:14,605 | INFO  | Creating Jetty connector | org.apache.activemq.transport.WebTransportServerSupport | main
2020-07-30 19:01:14,750 | WARN  | ServletContext@o.e.j.s.ServletContextHandler@1e8ce150{/,null,STARTING} has uncovered http methods for path: / | org.eclipse.jetty.security.SecurityHandler | main
2020-07-30 19:01:14,821 | INFO  | Listening for connections at ws://LAPTOP-NHAFT55M:61614?maximumConnections=1000&wireFormat.maxFrameSize=104857600 | org.apache.activemq.transport.ws.WSTransportServer | main
2020-07-30 19:01:14,823 | INFO  | Connector ws started | org.apache.activemq.broker.TransportConnector | main
2020-07-30 19:01:14,825 | INFO  | Apache ActiveMQ 5.16.0 (localhost, ID:LAPTOP-NHAFT55M-59317-1596106874228-0:1) started | org.apache.activemq.broker.BrokerService | main
2020-07-30 19:01:14,826 | INFO  | For help or more information please see: http://activemq.apache.org | org.apache.activemq.broker.BrokerService | main
2020-07-30 19:01:15,825 | INFO  | ActiveMQ WebConsole available at http://127.0.0.1:8161/ | org.apache.activemq.web.WebConsoleStarter | main
2020-07-30 19:01:15,826 | INFO  | ActiveMQ Jolokia REST API available at http://127.0.0.1:8161/api/jolokia/ | org.apache.activemq.web.WebConsoleStarter | main
2020-07-30 19:07:03,411 | INFO  | Apache ActiveMQ 5.16.0 (localhost, ID:LAPTOP-NHAFT55M-59317-1596106874228-0:1) is shutting down | org.apache.activemq.broker.BrokerService | ActiveMQ ShutdownHook
2020-07-30 19:07:03,419 | INFO  | Connector openwire stopped | org.apache.activemq.broker.TransportConnector | ActiveMQ ShutdownHook
2020-07-30 19:07:03,425 | INFO  | Connector amqp stopped | org.apache.activemq.broker.TransportConnector | ActiveMQ ShutdownHook
2020-07-30 19:07:03,431 | INFO  | Connector stomp stopped | org.apache.activemq.broker.TransportConnector | ActiveMQ ShutdownHook
2020-07-30 19:07:03,437 | INFO  | Connector mqtt stopped | org.apache.activemq.broker.TransportConnector | ActiveMQ ShutdownHook
2020-07-30 19:07:03,457 | INFO  | Connector ws stopped | org.apache.activemq.broker.TransportConnector | ActiveMQ ShutdownHook
2020-07-30 19:07:03,463 | INFO  | PListStore:[C:\Users\CPF\Downloads\apache-activemq-5.16.0\bin\..\data\localhost\tmp_storage] stopped | org.apache.activemq.store.kahadb.plist.PListStoreImpl | ActiveMQ ShutdownHook
2020-07-30 19:07:03,465 | INFO  | Stopping async queue tasks | org.apache.activemq.store.kahadb.KahaDBStore | ActiveMQ ShutdownHook
2020-07-30 19:07:03,467 | INFO  | Stopping async topic tasks | org.apache.activemq.store.kahadb.KahaDBStore | ActiveMQ ShutdownHook
2020-07-30 19:07:03,469 | INFO  | Stopped KahaDB | org.apache.activemq.store.kahadb.KahaDBStore | ActiveMQ ShutdownHook
2020-07-30 19:07:03,484 | INFO  | Apache ActiveMQ 5.16.0 (localhost, ID:LAPTOP-NHAFT55M-59317-1596106874228-0:1) uptime 5 minutes | org.apache.activemq.broker.BrokerService | ActiveMQ ShutdownHook
2020-07-30 19:07:03,486 | INFO  | Apache ActiveMQ 5.16.0 (localhost, ID:LAPTOP-NHAFT55M-59317-1596106874228-0:1) is shutdown | org.apache.activemq.broker.BrokerService | ActiveMQ ShutdownHook
2020-07-30 19:07:03,488 | INFO  | Closing org.apache.activemq.xbean.XBeanBrokerFactory$1@6c3708b3: startup date [Thu Jul 30 19:01:13 CST 2020]; root of context hierarchy | org.apache.activemq.xbean.XBeanBrokerFactory$1 | ActiveMQ ShutdownHook
2020-07-30 19:07:43,194 | INFO  | Refreshing org.apache.activemq.xbean.XBeanBrokerFactory$1@6c3708b3: startup date [Thu Jul 30 19:07:43 CST 2020]; root of context hierarchy | org.apache.activemq.xbean.XBeanBrokerFactory$1 | main
2020-07-30 19:07:44,009 | INFO  | Using Persistence Adapter: KahaDBPersistenceAdapter[C:\Users\CPF\Downloads\apache-activemq-5.16.0\bin\..\data\kahadb] | org.apache.activemq.broker.BrokerService | main
2020-07-30 19:07:44,070 | INFO  | KahaDB is version 7 | org.apache.activemq.store.kahadb.MessageDatabase | main
2020-07-30 19:07:44,148 | INFO  | PListStore:[C:\Users\CPF\Downloads\apache-activemq-5.16.0\bin\..\data\localhost\tmp_storage] started | org.apache.activemq.store.kahadb.plist.PListStoreImpl | main
2020-07-30 19:07:44,286 | INFO  | Apache ActiveMQ 5.16.0 (localhost, ID:LAPTOP-NHAFT55M-59962-1596107264162-0:1) is starting | org.apache.activemq.broker.BrokerService | main
2020-07-30 19:07:44,365 | INFO  | Listening for connections at: tcp://LAPTOP-NHAFT55M:61616?maximumConnections=1000&wireFormat.maxFrameSize=104857600 | org.apache.activemq.transport.TransportServerThreadSupport | main
2020-07-30 19:07:44,367 | INFO  | Connector openwire started | org.apache.activemq.broker.TransportConnector | main
2020-07-30 19:07:44,374 | INFO  | Listening for connections at: amqp://LAPTOP-NHAFT55M:5672?maximumConnections=1000&wireFormat.maxFrameSize=104857600 | org.apache.activemq.transport.TransportServerThreadSupport | main
2020-07-30 19:07:44,376 | INFO  | Connector amqp started | org.apache.activemq.broker.TransportConnector | main
2020-07-30 19:07:44,383 | INFO  | Listening for connections at: stomp://LAPTOP-NHAFT55M:61613?maximumConnections=1000&wireFormat.maxFrameSize=104857600 | org.apache.activemq.transport.TransportServerThreadSupport | main
2020-07-30 19:07:44,385 | INFO  | Connector stomp started | org.apache.activemq.broker.TransportConnector | main
2020-07-30 19:07:44,390 | INFO  | Listening for connections at: mqtt://LAPTOP-NHAFT55M:1883?maximumConnections=1000&wireFormat.maxFrameSize=104857600 | org.apache.activemq.transport.TransportServerThreadSupport | main
2020-07-30 19:07:44,392 | INFO  | Connector mqtt started | org.apache.activemq.broker.TransportConnector | main
2020-07-30 19:07:44,405 | INFO  | Starting Jetty server | org.apache.activemq.transport.WebTransportServerSupport | main
2020-07-30 19:07:44,488 | INFO  | Creating Jetty connector | org.apache.activemq.transport.WebTransportServerSupport | main
2020-07-30 19:07:44,597 | WARN  | ServletContext@o.e.j.s.ServletContextHandler@1b73be9f{/,null,STARTING} has uncovered http methods for path: / | org.eclipse.jetty.security.SecurityHandler | main
2020-07-30 19:07:44,654 | INFO  | Listening for connections at ws://LAPTOP-NHAFT55M:61614?maximumConnections=1000&wireFormat.maxFrameSize=104857600 | org.apache.activemq.transport.ws.WSTransportServer | main
2020-07-30 19:07:44,656 | INFO  | Connector ws started | org.apache.activemq.broker.TransportConnector | main
2020-07-30 19:07:44,658 | INFO  | Apache ActiveMQ 5.16.0 (localhost, ID:LAPTOP-NHAFT55M-59962-1596107264162-0:1) started | org.apache.activemq.broker.BrokerService | main
2020-07-30 19:07:44,664 | INFO  | For help or more information please see: http://activemq.apache.org | org.apache.activemq.broker.BrokerService | main
2020-07-30 19:07:45,574 | INFO  | ActiveMQ WebConsole available at http://127.0.0.1:8161/ | org.apache.activemq.web.WebConsoleStarter | main
2020-07-30 19:07:45,575 | INFO  | ActiveMQ Jolokia REST API available at http://127.0.0.1:8161/api/jolokia/ | org.apache.activemq.web.WebConsoleStarter | main
2020-07-30 19:14:37,649 | INFO  | Apache ActiveMQ 5.16.0 (localhost, ID:LAPTOP-NHAFT55M-59962-1596107264162-0:1) is shutting down | org.apache.activemq.broker.BrokerService | ActiveMQ ShutdownHook
2020-07-30 19:14:37,658 | INFO  | Connector openwire stopped | org.apache.activemq.broker.TransportConnector | ActiveMQ ShutdownHook
2020-07-30 19:14:37,669 | INFO  | Connector amqp stopped | org.apache.activemq.broker.TransportConnector | ActiveMQ ShutdownHook
2020-07-30 19:14:37,675 | INFO  | Connector stomp stopped | org.apache.activemq.broker.TransportConnector | ActiveMQ ShutdownHook
2020-07-30 19:14:37,683 | INFO  | Connector mqtt stopped | org.apache.activemq.broker.TransportConnector | ActiveMQ ShutdownHook
2020-07-30 19:14:37,715 | INFO  | Connector ws stopped | org.apache.activemq.broker.TransportConnector | ActiveMQ ShutdownHook
2020-07-30 19:14:37,726 | INFO  | PListStore:[C:\Users\CPF\Downloads\apache-activemq-5.16.0\bin\..\data\localhost\tmp_storage] stopped | org.apache.activemq.store.kahadb.plist.PListStoreImpl | ActiveMQ ShutdownHook
2020-07-30 19:14:37,729 | INFO  | Stopping async queue tasks | org.apache.activemq.store.kahadb.KahaDBStore | ActiveMQ ShutdownHook
2020-07-30 19:14:37,732 | INFO  | Stopping async topic tasks | org.apache.activemq.store.kahadb.KahaDBStore | ActiveMQ ShutdownHook
2020-07-30 19:14:37,733 | INFO  | Stopped KahaDB | org.apache.activemq.store.kahadb.KahaDBStore | ActiveMQ ShutdownHook
2020-07-30 19:14:37,754 | INFO  | Apache ActiveMQ 5.16.0 (localhost, ID:LAPTOP-NHAFT55M-59962-1596107264162-0:1) uptime 6 minutes | org.apache.activemq.broker.BrokerService | ActiveMQ ShutdownHook
2020-07-30 19:14:37,756 | INFO  | Apache ActiveMQ 5.16.0 (localhost, ID:LAPTOP-NHAFT55M-59962-1596107264162-0:1) is shutdown | org.apache.activemq.broker.BrokerService | ActiveMQ ShutdownHook
2020-07-30 19:14:37,771 | INFO  | Closing org.apache.activemq.xbean.XBeanBrokerFactory$1@6c3708b3: startup date [Thu Jul 30 19:07:43 CST 2020]; root of context hierarchy | org.apache.activemq.xbean.XBeanBrokerFactory$1 | ActiveMQ ShutdownHook
2020-07-30 19:14:44,422 | INFO  | Refreshing org.apache.activemq.xbean.XBeanBrokerFactory$1@6c3708b3: startup date [Thu Jul 30 19:14:44 CST 2020]; root of context hierarchy | org.apache.activemq.xbean.XBeanBrokerFactory$1 | main
2020-07-30 19:14:45,204 | INFO  | Using Persistence Adapter: KahaDBPersistenceAdapter[C:\Users\CPF\Downloads\apache-activemq-5.16.0\bin\..\data\kahadb] | org.apache.activemq.broker.BrokerService | main
2020-07-30 19:14:45,268 | INFO  | KahaDB is version 7 | org.apache.activemq.store.kahadb.MessageDatabase | main
2020-07-30 19:14:45,349 | INFO  | PListStore:[C:\Users\CPF\Downloads\apache-activemq-5.16.0\bin\..\data\localhost\tmp_storage] started | org.apache.activemq.store.kahadb.plist.PListStoreImpl | main
2020-07-30 19:14:45,516 | INFO  | Apache ActiveMQ 5.16.0 (localhost, ID:LAPTOP-NHAFT55M-60662-1596107685362-0:1) is starting | org.apache.activemq.broker.BrokerService | main
2020-07-30 19:14:45,601 | INFO  | Listening for connections at: tcp://LAPTOP-NHAFT55M:61616?maximumConnections=1000&wireFormat.maxFrameSize=104857600 | org.apache.activemq.transport.TransportServerThreadSupport | main
2020-07-30 19:14:45,603 | INFO  | Connector openwire started | org.apache.activemq.broker.TransportConnector | main
2020-07-30 19:14:45,609 | INFO  | Listening for connections at: amqp://LAPTOP-NHAFT55M:5672?maximumConnections=1000&wireFormat.maxFrameSize=104857600 | org.apache.activemq.transport.TransportServerThreadSupport | main
2020-07-30 19:14:45,612 | INFO  | Connector amqp started | org.apache.activemq.broker.TransportConnector | main
2020-07-30 19:14:45,618 | INFO  | Listening for connections at: stomp://LAPTOP-NHAFT55M:61613?maximumConnections=1000&wireFormat.maxFrameSize=104857600 | org.apache.activemq.transport.TransportServerThreadSupport | main
2020-07-30 19:14:45,621 | INFO  | Connector stomp started | org.apache.activemq.broker.TransportConnector | main
2020-07-30 19:14:45,628 | INFO  | Listening for connections at: mqtt://LAPTOP-NHAFT55M:1883?maximumConnections=1000&wireFormat.maxFrameSize=104857600 | org.apache.activemq.transport.TransportServerThreadSupport | main
2020-07-30 19:14:45,630 | INFO  | Connector mqtt started | org.apache.activemq.broker.TransportConnector | main
2020-07-30 19:14:45,637 | INFO  | Starting Jetty server | org.apache.activemq.transport.WebTransportServerSupport | main
2020-07-30 19:14:45,715 | INFO  | Creating Jetty connector | org.apache.activemq.transport.WebTransportServerSupport | main
2020-07-30 19:14:45,827 | WARN  | ServletContext@o.e.j.s.ServletContextHandler@7b84fcf8{/,null,STARTING} has uncovered http methods for path: / | org.eclipse.jetty.security.SecurityHandler | main
2020-07-30 19:14:45,883 | INFO  | Listening for connections at ws://LAPTOP-NHAFT55M:61614?maximumConnections=1000&wireFormat.maxFrameSize=104857600 | org.apache.activemq.transport.ws.WSTransportServer | main
2020-07-30 19:14:45,886 | INFO  | Connector ws started | org.apache.activemq.broker.TransportConnector | main
2020-07-30 19:14:45,888 | INFO  | Apache ActiveMQ 5.16.0 (localhost, ID:LAPTOP-NHAFT55M-60662-1596107685362-0:1) started | org.apache.activemq.broker.BrokerService | main
2020-07-30 19:14:45,894 | INFO  | For help or more information please see: http://activemq.apache.org | org.apache.activemq.broker.BrokerService | main
2020-07-30 19:14:46,809 | INFO  | ActiveMQ WebConsole available at http://127.0.0.1:8161/ | org.apache.activemq.web.WebConsoleStarter | main
2020-07-30 19:14:46,810 | INFO  | ActiveMQ Jolokia REST API available at http://127.0.0.1:8161/api/jolokia/ | org.apache.activemq.web.WebConsoleStarter | main
2020-07-30 19:17:08,021 | INFO  | Apache ActiveMQ 5.16.0 (localhost, ID:LAPTOP-NHAFT55M-60662-1596107685362-0:1) is shutting down | org.apache.activemq.broker.BrokerService | ActiveMQ ShutdownHook
2020-07-30 19:17:08,029 | INFO  | Connector openwire stopped | org.apache.activemq.broker.TransportConnector | ActiveMQ ShutdownHook
2020-07-30 19:17:08,034 | INFO  | Connector amqp stopped | org.apache.activemq.broker.TransportConnector | ActiveMQ ShutdownHook
2020-07-30 19:17:08,040 | INFO  | Connector stomp stopped | org.apache.activemq.broker.TransportConnector | ActiveMQ ShutdownHook
2020-07-30 19:17:08,046 | INFO  | Connector mqtt stopped | org.apache.activemq.broker.TransportConnector | ActiveMQ ShutdownHook
2020-07-30 19:17:08,076 | INFO  | Connector ws stopped | org.apache.activemq.broker.TransportConnector | ActiveMQ ShutdownHook
2020-07-30 19:17:08,092 | INFO  | PListStore:[C:\Users\CPF\Downloads\apache-activemq-5.16.0\bin\..\data\localhost\tmp_storage] stopped | org.apache.activemq.store.kahadb.plist.PListStoreImpl | ActiveMQ ShutdownHook
2020-07-30 19:17:08,097 | INFO  | Stopping async queue tasks | org.apache.activemq.store.kahadb.KahaDBStore | ActiveMQ ShutdownHook
2020-07-30 19:17:08,100 | INFO  | Stopping async topic tasks | org.apache.activemq.store.kahadb.KahaDBStore | ActiveMQ ShutdownHook
2020-07-30 19:17:08,103 | INFO  | Stopped KahaDB | org.apache.activemq.store.kahadb.KahaDBStore | ActiveMQ ShutdownHook
2020-07-30 19:17:08,133 | INFO  | Apache ActiveMQ 5.16.0 (localhost, ID:LAPTOP-NHAFT55M-60662-1596107685362-0:1) uptime 2 minutes | org.apache.activemq.broker.BrokerService | ActiveMQ ShutdownHook
2020-07-30 19:17:08,136 | INFO  | Apache ActiveMQ 5.16.0 (localhost, ID:LAPTOP-NHAFT55M-60662-1596107685362-0:1) is shutdown | org.apache.activemq.broker.BrokerService | ActiveMQ ShutdownHook
2020-07-30 19:17:08,139 | INFO  | Closing org.apache.activemq.xbean.XBeanBrokerFactory$1@6c3708b3: startup date [Thu Jul 30 19:14:44 CST 2020]; root of context hierarchy | org.apache.activemq.xbean.XBeanBrokerFactory$1 | ActiveMQ ShutdownHook
2020-07-30 19:17:38,395 | INFO  | Refreshing org.apache.activemq.xbean.XBeanBrokerFactory$1@6c3708b3: startup date [Thu Jul 30 19:17:38 CST 2020]; root of context hierarchy | org.apache.activemq.xbean.XBeanBrokerFactory$1 | main
2020-07-30 19:17:39,207 | INFO  | Using Persistence Adapter: KahaDBPersistenceAdapter[C:\Users\CPF\Downloads\apache-activemq-5.16.0\bin\..\data\kahadb] | org.apache.activemq.broker.BrokerService | main
2020-07-30 19:17:39,271 | INFO  | KahaDB is version 7 | org.apache.activemq.store.kahadb.MessageDatabase | main
2020-07-30 19:17:39,356 | INFO  | PListStore:[C:\Users\CPF\Downloads\apache-activemq-5.16.0\bin\..\data\localhost\tmp_storage] started | org.apache.activemq.store.kahadb.plist.PListStoreImpl | main
2020-07-30 19:17:39,509 | INFO  | Apache ActiveMQ 5.16.0 (localhost, ID:LAPTOP-NHAFT55M-61081-1596107859371-0:1) is starting | org.apache.activemq.broker.BrokerService | main
2020-07-30 19:17:39,600 | INFO  | Listening for connections at: tcp://LAPTOP-NHAFT55M:61616?maximumConnections=1000&wireFormat.maxFrameSize=104857600 | org.apache.activemq.transport.TransportServerThreadSupport | main
2020-07-30 19:17:39,603 | INFO  | Connector openwire started | org.apache.activemq.broker.TransportConnector | main
2020-07-30 19:17:39,611 | INFO  | Listening for connections at: amqp://LAPTOP-NHAFT55M:5672?maximumConnections=1000&wireFormat.maxFrameSize=104857600 | org.apache.activemq.transport.TransportServerThreadSupport | main
2020-07-30 19:17:39,615 | INFO  | Connector amqp started | org.apache.activemq.broker.TransportConnector | main
2020-07-30 19:17:39,622 | INFO  | Listening for connections at: stomp://LAPTOP-NHAFT55M:61613?maximumConnections=1000&wireFormat.maxFrameSize=104857600 | org.apache.activemq.transport.TransportServerThreadSupport | main
2020-07-30 19:17:39,624 | INFO  | Connector stomp started | org.apache.activemq.broker.TransportConnector | main
2020-07-30 19:17:39,631 | INFO  | Listening for connections at: mqtt://LAPTOP-NHAFT55M:1883?maximumConnections=1000&wireFormat.maxFrameSize=104857600 | org.apache.activemq.transport.TransportServerThreadSupport | main
2020-07-30 19:17:39,635 | INFO  | Connector mqtt started | org.apache.activemq.broker.TransportConnector | main
2020-07-30 19:17:39,644 | INFO  | Starting Jetty server | org.apache.activemq.transport.WebTransportServerSupport | main
2020-07-30 19:17:39,732 | INFO  | Creating Jetty connector | org.apache.activemq.transport.WebTransportServerSupport | main
2020-07-30 19:17:39,852 | WARN  | ServletContext@o.e.j.s.ServletContextHandler@1b73be9f{/,null,STARTING} has uncovered http methods for path: / | org.eclipse.jetty.security.SecurityHandler | main
2020-07-30 19:17:39,911 | INFO  | Listening for connections at ws://LAPTOP-NHAFT55M:61614?maximumConnections=1000&wireFormat.maxFrameSize=104857600 | org.apache.activemq.transport.ws.WSTransportServer | main
2020-07-30 19:17:39,914 | INFO  | Connector ws started | org.apache.activemq.broker.TransportConnector | main
2020-07-30 19:17:39,917 | INFO  | Apache ActiveMQ 5.16.0 (localhost, ID:LAPTOP-NHAFT55M-61081-1596107859371-0:1) started | org.apache.activemq.broker.BrokerService | main
2020-07-30 19:17:39,923 | INFO  | For help or more information please see: http://activemq.apache.org | org.apache.activemq.broker.BrokerService | main
2020-07-30 19:17:40,904 | INFO  | ActiveMQ WebConsole available at http://127.0.0.1:8161/ | org.apache.activemq.web.WebConsoleStarter | main
2020-07-30 19:17:40,905 | INFO  | ActiveMQ Jolokia REST API available at http://127.0.0.1:8161/api/jolokia/ | org.apache.activemq.web.WebConsoleStarter | main
2020-07-30 19:57:12,793 | INFO  | Refreshing org.apache.activemq.xbean.XBeanBrokerFactory$1@6c3708b3: startup date [Thu Jul 30 19:57:12 CST 2020]; root of context hierarchy | org.apache.activemq.xbean.XBeanBrokerFactory$1 | main
2020-07-30 19:57:13,662 | INFO  | Using Persistence Adapter: KahaDBPersistenceAdapter[C:\Users\CPF\Downloads\apache-activemq-5.16.0\bin\..\data\kahadb] | org.apache.activemq.broker.BrokerService | main
2020-07-30 19:57:13,724 | INFO  | Page File: C:\Users\CPF\Downloads\apache-activemq-5.16.0\bin\..\data\kahadb\db.data. Recovering pageFile free list due to prior unclean shutdown.. | org.apache.activemq.store.kahadb.disk.page.PageFile | KahaDB Index Free Page Recovery
2020-07-30 19:57:13,724 | INFO  | Page File: C:\Users\CPF\Downloads\apache-activemq-5.16.0\bin\..\data\kahadb\db.data. Recovered pageFile free list of size: 12 | org.apache.activemq.store.kahadb.disk.page.PageFile | KahaDB Index Free Page Recovery
2020-07-30 19:57:13,724 | INFO  | KahaDB is version 7 | org.apache.activemq.store.kahadb.MessageDatabase | main
2020-07-30 19:57:13,818 | INFO  | PListStore:[C:\Users\CPF\Downloads\apache-activemq-5.16.0\bin\..\data\localhost\tmp_storage] started | org.apache.activemq.store.kahadb.plist.PListStoreImpl | main
2020-07-30 19:57:13,985 | INFO  | Apache ActiveMQ 5.16.0 (localhost, ID:LAPTOP-NHAFT55M-63907-1596110233835-0:1) is starting | org.apache.activemq.broker.BrokerService | main
2020-07-30 19:57:14,063 | INFO  | Listening for connections at: tcp://LAPTOP-NHAFT55M:61616?maximumConnections=1000&wireFormat.maxFrameSize=104857600 | org.apache.activemq.transport.TransportServerThreadSupport | main
2020-07-30 19:57:14,079 | INFO  | Connector openwire started | org.apache.activemq.broker.TransportConnector | main
2020-07-30 19:57:14,080 | INFO  | Listening for connections at: amqp://LAPTOP-NHAFT55M:5672?maximumConnections=1000&wireFormat.maxFrameSize=104857600 | org.apache.activemq.transport.TransportServerThreadSupport | main
2020-07-30 19:57:14,080 | INFO  | Connector amqp started | org.apache.activemq.broker.TransportConnector | main
2020-07-30 19:57:14,080 | INFO  | Listening for connections at: stomp://LAPTOP-NHAFT55M:61613?maximumConnections=1000&wireFormat.maxFrameSize=104857600 | org.apache.activemq.transport.TransportServerThreadSupport | main
2020-07-30 19:57:14,080 | INFO  | Connector stomp started | org.apache.activemq.broker.TransportConnector | main
2020-07-30 19:57:14,096 | INFO  | Listening for connections at: mqtt://LAPTOP-NHAFT55M:1883?maximumConnections=1000&wireFormat.maxFrameSize=104857600 | org.apache.activemq.transport.TransportServerThreadSupport | main
2020-07-30 19:57:14,096 | INFO  | Connector mqtt started | org.apache.activemq.broker.TransportConnector | main
2020-07-30 19:57:14,096 | INFO  | Starting Jetty server | org.apache.activemq.transport.WebTransportServerSupport | main
2020-07-30 19:57:14,192 | INFO  | Creating Jetty connector | org.apache.activemq.transport.WebTransportServerSupport | main
2020-07-30 19:57:14,333 | WARN  | ServletContext@o.e.j.s.ServletContextHandler@628c4ac0{/,null,STARTING} has uncovered http methods for path: / | org.eclipse.jetty.security.SecurityHandler | main
2020-07-30 19:57:14,396 | INFO  | Listening for connections at ws://LAPTOP-NHAFT55M:61614?maximumConnections=1000&wireFormat.maxFrameSize=104857600 | org.apache.activemq.transport.ws.WSTransportServer | main
2020-07-30 19:57:14,396 | INFO  | Connector ws started | org.apache.activemq.broker.TransportConnector | main
2020-07-30 19:57:14,396 | INFO  | Apache ActiveMQ 5.16.0 (localhost, ID:LAPTOP-NHAFT55M-63907-1596110233835-0:1) started | org.apache.activemq.broker.BrokerService | main
2020-07-30 19:57:14,396 | INFO  | For help or more information please see: http://activemq.apache.org | org.apache.activemq.broker.BrokerService | main
2020-07-30 19:57:15,333 | INFO  | ActiveMQ WebConsole available at http://127.0.0.1:8161/ | org.apache.activemq.web.WebConsoleStarter | main
2020-07-30 19:57:15,333 | INFO  | ActiveMQ Jolokia REST API available at http://127.0.0.1:8161/api/jolokia/ | org.apache.activemq.web.WebConsoleStarter | main
2020-07-30 20:12:49,705 | INFO  | Apache ActiveMQ 5.16.0 (localhost, ID:LAPTOP-NHAFT55M-63907-1596110233835-0:1) is shutting down | org.apache.activemq.broker.BrokerService | ActiveMQ ShutdownHook
2020-07-30 20:12:49,707 | INFO  | Connector openwire stopped | org.apache.activemq.broker.TransportConnector | ActiveMQ ShutdownHook
2020-07-30 20:12:49,709 | INFO  | Connector amqp stopped | org.apache.activemq.broker.TransportConnector | ActiveMQ ShutdownHook
2020-07-30 20:12:49,711 | INFO  | Connector stomp stopped | org.apache.activemq.broker.TransportConnector | ActiveMQ ShutdownHook
2020-07-30 20:12:49,713 | INFO  | Connector mqtt stopped | org.apache.activemq.broker.TransportConnector | ActiveMQ ShutdownHook
2020-07-30 20:12:49,723 | INFO  | Connector ws stopped | org.apache.activemq.broker.TransportConnector | ActiveMQ ShutdownHook
2020-07-30 20:12:49,728 | INFO  | PListStore:[C:\Users\CPF\Downloads\apache-activemq-5.16.0\bin\..\data\localhost\tmp_storage] stopped | org.apache.activemq.store.kahadb.plist.PListStoreImpl | ActiveMQ ShutdownHook
2020-07-30 20:12:49,729 | INFO  | Stopping async queue tasks | org.apache.activemq.store.kahadb.KahaDBStore | ActiveMQ ShutdownHook
2020-07-30 20:12:49,730 | INFO  | Stopping async topic tasks | org.apache.activemq.store.kahadb.KahaDBStore | ActiveMQ ShutdownHook
2020-07-30 20:12:49,733 | INFO  | Stopped KahaDB | org.apache.activemq.store.kahadb.KahaDBStore | ActiveMQ ShutdownHook
2020-07-30 20:12:49,747 | INFO  | Apache ActiveMQ 5.16.0 (localhost, ID:LAPTOP-NHAFT55M-63907-1596110233835-0:1) uptime 15 minutes | org.apache.activemq.broker.BrokerService | ActiveMQ ShutdownHook
2020-07-30 20:12:49,749 | INFO  | Apache ActiveMQ 5.16.0 (localhost, ID:LAPTOP-NHAFT55M-63907-1596110233835-0:1) is shutdown | org.apache.activemq.broker.BrokerService | ActiveMQ ShutdownHook
2020-07-30 20:12:49,750 | INFO  | Closing org.apache.activemq.xbean.XBeanBrokerFactory$1@6c3708b3: startup date [Thu Jul 30 19:57:12 CST 2020]; root of context hierarchy | org.apache.activemq.xbean.XBeanBrokerFactory$1 | ActiveMQ ShutdownHook
2020-07-30 20:18:32,711 | INFO  | Refreshing org.apache.activemq.xbean.XBeanBrokerFactory$1@6c3708b3: startup date [Thu Jul 30 20:18:32 CST 2020]; root of context hierarchy | org.apache.activemq.xbean.XBeanBrokerFactory$1 | main
2020-07-30 20:18:33,494 | INFO  | Using Persistence Adapter: KahaDBPersistenceAdapter[C:\Users\CPF\Downloads\apache-activemq-5.16.0\bin\..\data\kahadb] | org.apache.activemq.broker.BrokerService | main
2020-07-30 20:18:33,553 | INFO  | KahaDB is version 7 | org.apache.activemq.store.kahadb.MessageDatabase | main
2020-07-30 20:18:33,636 | INFO  | PListStore:[C:\Users\CPF\Downloads\apache-activemq-5.16.0\bin\..\data\localhost\tmp_storage] started | org.apache.activemq.store.kahadb.plist.PListStoreImpl | main
2020-07-30 20:18:33,795 | INFO  | Apache ActiveMQ 5.16.0 (localhost, ID:LAPTOP-NHAFT55M-64451-1596111513649-0:1) is starting | org.apache.activemq.broker.BrokerService | main
2020-07-30 20:18:33,876 | INFO  | Listening for connections at: tcp://LAPTOP-NHAFT55M:61616?maximumConnections=1000&wireFormat.maxFrameSize=104857600 | org.apache.activemq.transport.TransportServerThreadSupport | main
2020-07-30 20:18:33,879 | INFO  | Connector openwire started | org.apache.activemq.broker.TransportConnector | main
2020-07-30 20:18:33,884 | INFO  | Listening for connections at: amqp://LAPTOP-NHAFT55M:5672?maximumConnections=1000&wireFormat.maxFrameSize=104857600 | org.apache.activemq.transport.TransportServerThreadSupport | main
2020-07-30 20:18:33,887 | INFO  | Connector amqp started | org.apache.activemq.broker.TransportConnector | main
2020-07-30 20:18:33,892 | INFO  | Listening for connections at: stomp://LAPTOP-NHAFT55M:61613?maximumConnections=1000&wireFormat.maxFrameSize=104857600 | org.apache.activemq.transport.TransportServerThreadSupport | main
2020-07-30 20:18:33,894 | INFO  | Connector stomp started | org.apache.activemq.broker.TransportConnector | main
2020-07-30 20:18:33,899 | INFO  | Listening for connections at: mqtt://LAPTOP-NHAFT55M:1883?maximumConnections=1000&wireFormat.maxFrameSize=104857600 | org.apache.activemq.transport.TransportServerThreadSupport | main
2020-07-30 20:18:33,901 | INFO  | Connector mqtt started | org.apache.activemq.broker.TransportConnector | main
2020-07-30 20:18:33,907 | INFO  | Starting Jetty server | org.apache.activemq.transport.WebTransportServerSupport | main
2020-07-30 20:18:33,981 | INFO  | Creating Jetty connector | org.apache.activemq.transport.WebTransportServerSupport | main
2020-07-30 20:18:34,098 | WARN  | ServletContext@o.e.j.s.ServletContextHandler@1d3ac898{/,null,STARTING} has uncovered http methods for path: / | org.eclipse.jetty.security.SecurityHandler | main
2020-07-30 20:18:34,158 | INFO  | Listening for connections at ws://LAPTOP-NHAFT55M:61614?maximumConnections=1000&wireFormat.maxFrameSize=104857600 | org.apache.activemq.transport.ws.WSTransportServer | main
2020-07-30 20:18:34,160 | INFO  | Connector ws started | org.apache.activemq.broker.TransportConnector | main
2020-07-30 20:18:34,163 | INFO  | Apache ActiveMQ 5.16.0 (localhost, ID:LAPTOP-NHAFT55M-64451-1596111513649-0:1) started | org.apache.activemq.broker.BrokerService | main
2020-07-30 20:18:34,165 | INFO  | For help or more information please see: http://activemq.apache.org | org.apache.activemq.broker.BrokerService | main
2020-07-30 20:18:35,070 | INFO  | ActiveMQ WebConsole available at http://127.0.0.1:8161/ | org.apache.activemq.web.WebConsoleStarter | main
2020-07-30 20:18:35,071 | INFO  | ActiveMQ Jolokia REST API available at http://127.0.0.1:8161/api/jolokia/ | org.apache.activemq.web.WebConsoleStarter | main
2020-07-30 21:13:05,351 | INFO  | Refreshing org.apache.activemq.xbean.XBeanBrokerFactory$1@6c3708b3: startup date [Thu Jul 30 21:13:05 CST 2020]; root of context hierarchy | org.apache.activemq.xbean.XBeanBrokerFactory$1 | main
2020-07-30 21:13:07,331 | INFO  | Using Persistence Adapter: KahaDBPersistenceAdapter[C:\Users\CPF\Downloads\apache-activemq-5.16.0\bin\..\data\kahadb] | org.apache.activemq.broker.BrokerService | main
2020-07-30 21:13:07,459 | INFO  | Page File: C:\Users\CPF\Downloads\apache-activemq-5.16.0\bin\..\data\kahadb\db.data. Recovering pageFile free list due to prior unclean shutdown.. | org.apache.activemq.store.kahadb.disk.page.PageFile | KahaDB Index Free Page Recovery
2020-07-30 21:13:07,470 | INFO  | Page File: C:\Users\CPF\Downloads\apache-activemq-5.16.0\bin\..\data\kahadb\db.data. Recovered pageFile free list of size: 24 | org.apache.activemq.store.kahadb.disk.page.PageFile | KahaDB Index Free Page Recovery
2020-07-30 21:13:07,473 | INFO  | KahaDB is version 7 | org.apache.activemq.store.kahadb.MessageDatabase | main
2020-07-30 21:13:07,622 | INFO  | Recovering from the journal @1:137245 | org.apache.activemq.store.kahadb.MessageDatabase | main
2020-07-30 21:13:07,648 | INFO  | Recovery replayed 2 operations from the journal in 0.054 seconds. | org.apache.activemq.store.kahadb.MessageDatabase | main
2020-07-30 21:13:07,676 | INFO  | PListStore:[C:\Users\CPF\Downloads\apache-activemq-5.16.0\bin\..\data\localhost\tmp_storage] started | org.apache.activemq.store.kahadb.plist.PListStoreImpl | main
2020-07-30 21:13:07,919 | INFO  | Apache ActiveMQ 5.16.0 (localhost, ID:LAPTOP-NHAFT55M-50707-1596114787709-0:1) is starting | org.apache.activemq.broker.BrokerService | main
2020-07-30 21:13:08,194 | INFO  | Listening for connections at: tcp://LAPTOP-NHAFT55M:61616?maximumConnections=1000&wireFormat.maxFrameSize=104857600 | org.apache.activemq.transport.TransportServerThreadSupport | main
2020-07-30 21:13:08,203 | INFO  | Connector openwire started | org.apache.activemq.broker.TransportConnector | main
2020-07-30 21:13:08,233 | INFO  | Listening for connections at: amqp://LAPTOP-NHAFT55M:5672?maximumConnections=1000&wireFormat.maxFrameSize=104857600 | org.apache.activemq.transport.TransportServerThreadSupport | main
2020-07-30 21:13:08,243 | INFO  | Connector amqp started | org.apache.activemq.broker.TransportConnector | main
2020-07-30 21:13:08,269 | INFO  | Listening for connections at: stomp://LAPTOP-NHAFT55M:61613?maximumConnections=1000&wireFormat.maxFrameSize=104857600 | org.apache.activemq.transport.TransportServerThreadSupport | main
2020-07-30 21:13:08,276 | INFO  | Connector stomp started | org.apache.activemq.broker.TransportConnector | main
2020-07-30 21:13:08,297 | INFO  | Listening for connections at: mqtt://LAPTOP-NHAFT55M:1883?maximumConnections=1000&wireFormat.maxFrameSize=104857600 | org.apache.activemq.transport.TransportServerThreadSupport | main
2020-07-30 21:13:08,305 | INFO  | Connector mqtt started | org.apache.activemq.broker.TransportConnector | main
2020-07-30 21:13:08,344 | INFO  | Starting Jetty server | org.apache.activemq.transport.WebTransportServerSupport | main
2020-07-30 21:13:08,535 | INFO  | Creating Jetty connector | org.apache.activemq.transport.WebTransportServerSupport | main
2020-07-30 21:13:08,739 | WARN  | ServletContext@o.e.j.s.ServletContextHandler@49c6c24f{/,null,STARTING} has uncovered http methods for path: / | org.eclipse.jetty.security.SecurityHandler | main
2020-07-30 21:13:08,853 | INFO  | Listening for connections at ws://LAPTOP-NHAFT55M:61614?maximumConnections=1000&wireFormat.maxFrameSize=104857600 | org.apache.activemq.transport.ws.WSTransportServer | main
2020-07-30 21:13:08,856 | INFO  | Connector ws started | org.apache.activemq.broker.TransportConnector | main
2020-07-30 21:13:08,859 | INFO  | Apache ActiveMQ 5.16.0 (localhost, ID:LAPTOP-NHAFT55M-50707-1596114787709-0:1) started | org.apache.activemq.broker.BrokerService | main
2020-07-30 21:13:08,862 | INFO  | For help or more information please see: http://activemq.apache.org | org.apache.activemq.broker.BrokerService | main
2020-07-30 21:13:10,852 | INFO  | ActiveMQ WebConsole available at http://127.0.0.1:8161/ | org.apache.activemq.web.WebConsoleStarter | main
2020-07-30 21:13:10,854 | INFO  | ActiveMQ Jolokia REST API available at http://127.0.0.1:8161/api/jolokia/ | org.apache.activemq.web.WebConsoleStarter | main
2020-07-30 22:11:55,275 | INFO  | Apache ActiveMQ 5.16.0 (localhost, ID:LAPTOP-NHAFT55M-50707-1596114787709-0:1) is shutting down | org.apache.activemq.broker.BrokerService | ActiveMQ ShutdownHook
